2026-01-12 16:20:36,895 - app - INFO - Initializing database...
2026-01-12 16:20:36,897 - app - INFO - Starting background scraper (interval: 30 min)...
2026-01-12 16:20:36,897 - app - INFO - Application startup complete
2026-01-12 16:20:36,898 - jobs - INFO - Starting scrape #1...
2026-01-12 16:21:37,527 - jobs - INFO - Fetched 25 articles from sources
2026-01-12 16:21:38,467 - jobs - INFO - Scrape #1 complete: 2 added, 23 duplicates, 2 clickbait filtered
2026-01-12 16:21:38,468 - jobs - INFO - Next scrape in 30 minutes...
2026-01-12 16:22:38,591 - app - INFO - Initializing database...
2026-01-12 16:22:38,596 - app - INFO - Starting background scraper (interval: 30 min)...
2026-01-12 16:22:38,597 - app - INFO - Application startup complete
2026-01-12 16:22:38,598 - jobs - INFO - Starting scrape #1...
2026-01-12 16:23:41,278 - jobs - INFO - Fetched 25 articles from sources
2026-01-12 16:23:42,385 - jobs - INFO - Scrape #1 complete: 0 added, 25 duplicates, 0 clickbait filtered
2026-01-12 16:23:42,385 - jobs - INFO - Next scrape in 30 minutes...
2026-01-13 10:06:36,718 - app - INFO - Initializing database...
2026-01-13 10:06:36,726 - app - INFO - Starting background scraper (interval: 30 min)...
2026-01-13 10:06:36,727 - app - INFO - Application startup complete
2026-01-13 10:06:36,727 - jobs - INFO - Starting scrape #1...
2026-01-13 10:08:24,086 - jobs - INFO - Fetched 28 articles from sources
2026-01-13 10:08:25,318 - jobs - INFO - Scrape #1 complete: 27 added, 1 duplicates, 27 clickbait filtered
2026-01-13 10:08:25,318 - jobs - INFO - Next scrape in 30 minutes...
2026-01-13 10:09:50,028 - app - INFO - Initializing database...
2026-01-13 10:09:50,030 - app - INFO - Starting background scraper (interval: 30 min)...
2026-01-13 10:09:50,030 - app - INFO - Application startup complete
2026-01-13 10:09:50,035 - jobs - INFO - Starting scrape #1...
2026-01-13 10:11:06,916 - jobs - INFO - Fetched 28 articles from sources
2026-01-13 10:11:08,025 - jobs - INFO - Scrape #1 complete: 1 added, 27 duplicates, 1 clickbait filtered
2026-01-13 10:11:08,026 - jobs - INFO - Next scrape in 30 minutes...
2026-01-13 10:13:16,439 - app - INFO - Initializing database...
2026-01-13 10:13:16,442 - app - INFO - Starting background scraper (interval: 30 min)...
2026-01-13 10:13:16,442 - app - INFO - Application startup complete
2026-01-13 10:13:16,444 - jobs - INFO - Starting scrape #1...
2026-01-13 10:14:39,961 - jobs - INFO - Fetched 28 articles from sources
2026-01-13 10:14:41,162 - jobs - INFO - Scrape #1 complete: 1 added, 27 duplicates, 1 clickbait filtered
2026-01-13 10:14:41,162 - jobs - INFO - Next scrape in 30 minutes...
2026-01-13 10:21:19,603 - passlib.handlers.bcrypt - WARNING - (trapped) error reading bcrypt version
Traceback (most recent call last):
  File "D:\smartnews\.venv\Lib\site-packages\passlib\handlers\bcrypt.py", line 620, in _load_backend_mixin
    version = _bcrypt.__about__.__version__
              ^^^^^^^^^^^^^^^^^
AttributeError: module 'bcrypt' has no attribute '__about__'
2026-01-13 10:21:19,625 - app - ERROR - Global error: password cannot be longer than 72 bytes, truncate manually if necessary (e.g. my_password[:72])
Traceback (most recent call last):
  File "D:\smartnews\.venv\Lib\site-packages\starlette\middleware\errors.py", line 164, in __call__
    await self.app(scope, receive, _send)
  File "D:\smartnews\.venv\Lib\site-packages\starlette\middleware\cors.py", line 85, in __call__
    await self.app(scope, receive, send)
  File "D:\smartnews\.venv\Lib\site-packages\starlette\middleware\exceptions.py", line 63, in __call__
    await wrap_app_handling_exceptions(self.app, conn)(scope, receive, send)
  File "D:\smartnews\.venv\Lib\site-packages\starlette\_exception_handler.py", line 53, in wrapped_app
    raise exc
  File "D:\smartnews\.venv\Lib\site-packages\starlette\_exception_handler.py", line 42, in wrapped_app
    await app(scope, receive, sender)
  File "D:\smartnews\.venv\Lib\site-packages\fastapi\middleware\asyncexitstack.py", line 18, in __call__
    await self.app(scope, receive, send)
  File "D:\smartnews\.venv\Lib\site-packages\starlette\routing.py", line 716, in __call__
    await self.middleware_stack(scope, receive, send)
  File "D:\smartnews\.venv\Lib\site-packages\starlette\routing.py", line 736, in app
    await route.handle(scope, receive, send)
  File "D:\smartnews\.venv\Lib\site-packages\starlette\routing.py", line 290, in handle
    await self.app(scope, receive, send)
  File "D:\smartnews\.venv\Lib\site-packages\fastapi\routing.py", line 115, in app
    await wrap_app_handling_exceptions(app, request)(scope, receive, send)
  File "D:\smartnews\.venv\Lib\site-packages\starlette\_exception_handler.py", line 53, in wrapped_app
    raise exc
  File "D:\smartnews\.venv\Lib\site-packages\starlette\_exception_handler.py", line 42, in wrapped_app
    await app(scope, receive, sender)
  File "D:\smartnews\.venv\Lib\site-packages\fastapi\routing.py", line 101, in app
    response = await f(request)
               ^^^^^^^^^^^^^^^^
  File "D:\smartnews\.venv\Lib\site-packages\fastapi\routing.py", line 355, in app
    raw_response = await run_endpoint_function(
                   ^^^^^^^^^^^^^^^^^^^^^^^^^^^^
    ...<3 lines>...
    )
    ^
  File "D:\smartnews\.venv\Lib\site-packages\fastapi\routing.py", line 243, in run_endpoint_function
    return await dependant.call(**values)
           ^^^^^^^^^^^^^^^^^^^^^^^^^^^^^^
  File "D:\smartnews\.venv\Lib\site-packages\slowapi\extension.py", line 734, in async_wrapper
    response = await func(*args, **kwargs)  # type: ignore
               ^^^^^^^^^^^^^^^^^^^^^^^^^^^
  File "D:\smartnews\backend\app.py", line 113, in signup
    hashed_password = get_password_hash(user_data.password)
  File "D:\smartnews\backend\auth.py", line 19, in get_password_hash
    return pwd_context.hash(password)
           ~~~~~~~~~~~~~~~~^^^^^^^^^^
  File "D:\smartnews\.venv\Lib\site-packages\passlib\context.py", line 2258, in hash
    return record.hash(secret, **kwds)
           ~~~~~~~~~~~^^^^^^^^^^^^^^^^
  File "D:\smartnews\.venv\Lib\site-packages\passlib\utils\handlers.py", line 779, in hash
    self.checksum = self._calc_checksum(secret)
                    ~~~~~~~~~~~~~~~~~~~^^^^^^^^
  File "D:\smartnews\.venv\Lib\site-packages\passlib\handlers\bcrypt.py", line 591, in _calc_checksum
    self._stub_requires_backend()
    ~~~~~~~~~~~~~~~~~~~~~~~~~~~^^
  File "D:\smartnews\.venv\Lib\site-packages\passlib\utils\handlers.py", line 2254, in _stub_requires_backend
    cls.set_backend()
    ~~~~~~~~~~~~~~~^^
  File "D:\smartnews\.venv\Lib\site-packages\passlib\utils\handlers.py", line 2156, in set_backend
    return owner.set_backend(name, dryrun=dryrun)
           ~~~~~~~~~~~~~~~~~^^^^^^^^^^^^^^^^^^^^^
  File "D:\smartnews\.venv\Lib\site-packages\passlib\utils\handlers.py", line 2163, in set_backend
    return cls.set_backend(name, dryrun=dryrun)
           ~~~~~~~~~~~~~~~^^^^^^^^^^^^^^^^^^^^^
  File "D:\smartnews\.venv\Lib\site-packages\passlib\utils\handlers.py", line 2188, in set_backend
    cls._set_backend(name, dryrun)
    ~~~~~~~~~~~~~~~~^^^^^^^^^^^^^^
  File "D:\smartnews\.venv\Lib\site-packages\passlib\utils\handlers.py", line 2311, in _set_backend
    super(SubclassBackendMixin, cls)._set_backend(name, dryrun)
    ~~~~~~~~~~~~~~~~~~~~~~~~~~~~~~~~~~~~~~~~~~~~~^^^^^^^^^^^^^^
  File "D:\smartnews\.venv\Lib\site-packages\passlib\utils\handlers.py", line 2224, in _set_backend
    ok = loader(**kwds)
  File "D:\smartnews\.venv\Lib\site-packages\passlib\handlers\bcrypt.py", line 626, in _load_backend_mixin
    return mixin_cls._finalize_backend_mixin(name, dryrun)
           ~~~~~~~~~~~~~~~~~~~~~~~~~~~~~~~~~^^^^^^^^^^^^^^
  File "D:\smartnews\.venv\Lib\site-packages\passlib\handlers\bcrypt.py", line 421, in _finalize_backend_mixin
    if detect_wrap_bug(IDENT_2A):
       ~~~~~~~~~~~~~~~^^^^^^^^^^
  File "D:\smartnews\.venv\Lib\site-packages\passlib\handlers\bcrypt.py", line 380, in detect_wrap_bug
    if verify(secret, bug_hash):
       ~~~~~~^^^^^^^^^^^^^^^^^^
  File "D:\smartnews\.venv\Lib\site-packages\passlib\utils\handlers.py", line 792, in verify
    return consteq(self._calc_checksum(secret), chk)
                   ~~~~~~~~~~~~~~~~~~~^^^^^^^^
  File "D:\smartnews\.venv\Lib\site-packages\passlib\handlers\bcrypt.py", line 655, in _calc_checksum
    hash = _bcrypt.hashpw(secret, config)
ValueError: password cannot be longer than 72 bytes, truncate manually if necessary (e.g. my_password[:72])
2026-01-13 10:31:22,270 - app - INFO - Initializing database...
2026-01-13 10:31:22,272 - app - INFO - Starting background scraper (interval: 30 min)...
2026-01-13 10:31:22,272 - app - INFO - Application startup complete
2026-01-13 10:31:22,274 - jobs - INFO - Starting scrape #1...
2026-01-13 10:34:05,765 - jobs - INFO - Fetched 66 articles from sources
2026-01-13 10:34:09,534 - jobs - INFO - Scrape #1 complete: 40 added, 26 duplicates, 40 clickbait filtered
2026-01-13 10:34:09,535 - jobs - INFO - Next scrape in 30 minutes...
